Initialized native services in: /Users/alexandru-neacsa/.gradle/native
Initialized jansi services in: /Users/alexandru-neacsa/.gradle/native
The client will now receive all logging from the daemon (pid: 17071). The daemon log file: /Users/alexandru-neacsa/.gradle/daemon/9.3.0/daemon-17071.out.log
Starting 9th build in daemon [uptime: 20 mins 25.519 secs, performance: 96%, GC rate: 0.00/s, heap usage: 0% of 512 MiB, non-heap usage: 23% of 384 MiB]
Using 8 worker leases.
Operational build model parameters: {requiresToolingModels=false, parallelProjectExecution=false, configureOnDemand=false, configurationCache=false, configurationCacheParallelStore=false, configurationCacheParallelLoad=true, isolatedProjects=false, parallelProjectConfiguration=false, intermediateModelCache=false, parallelToolingApiActions=false, invalidateCoupledProjects=false, modelAsProjectDependency=false, resilientModelBuilding=false}
Now considering [/Users/alexandru-neacsa/Downloads/demo] as hierarchies to watch
Watching the file system is configured to be enabled if available
File system watching is active
Starting Build
Settings evaluated using settings file '/Users/alexandru-neacsa/Downloads/demo/settings.gradle'.
Projects loaded. Root project using build file '/Users/alexandru-neacsa/Downloads/demo/build.gradle'.
Included projects: [root project 'demo']

> Configure project :
Evaluating root project 'demo' using build file '/Users/alexandru-neacsa/Downloads/demo/build.gradle'.
Resolved plugin [id: 'java']
Resolved plugin [id: 'org.springframework.boot', version: '4.0.2']
Resolved plugin [id: 'io.spring.dependency-management', version: '1.1.7']
Applying dependency management to configuration 'annotationProcessor' in project 'demo'
Applying dependency management to configuration 'apiElements' in project 'demo'
Applying dependency management to configuration 'archives' in project 'demo'
Applying dependency management to configuration 'bootArchives' in project 'demo'
Applying dependency management to configuration 'compileClasspath' in project 'demo'
Applying dependency management to configuration 'compileOnly' in project 'demo'
Applying dependency management to configuration 'default' in project 'demo'
Applying dependency management to configuration 'developmentOnly' in project 'demo'
Applying dependency management to configuration 'implementation' in project 'demo'
Applying dependency management to configuration 'mainSourceElements' in project 'demo'
Applying dependency management to configuration 'productionRuntimeClasspath' in project 'demo'
Applying dependency management to configuration 'runtimeClasspath' in project 'demo'
Applying dependency management to configuration 'runtimeElements' in project 'demo'
Applying dependency management to configuration 'runtimeOnly' in project 'demo'
Applying dependency management to configuration 'testAndDevelopmentOnly' in project 'demo'
Applying dependency management to configuration 'testAnnotationProcessor' in project 'demo'
Applying dependency management to configuration 'testCompileClasspath' in project 'demo'
Applying dependency management to configuration 'testCompileOnly' in project 'demo'
Applying dependency management to configuration 'testImplementation' in project 'demo'
Applying dependency management to configuration 'testResultsElementsForTest' in project 'demo'
Applying dependency management to configuration 'testRuntimeClasspath' in project 'demo'
Applying dependency management to configuration 'testRuntimeOnly' in project 'demo'
All projects evaluated.
Task name matched 'test'
Selected primary task 'test' from project :
Starting process 'command '/usr/libexec/java_home''. Working directory: /Users/alexandru-neacsa/.gradle/daemon/9.3.0 Command: /usr/libexec/java_home -V
Successfully started process 'command '/usr/libexec/java_home''
Resolving global dependency management for project 'demo'
Excluding []
Excluding []
Excluding []
Excluding []
Excluding []
Excluding []
Tasks to be executed: [task ':compileJava', task ':processResources', task ':classes', task ':compileTestJava', task ':processTestResources', task ':testClasses', task ':test']
Tasks that were excluded: []
Resolve mutations for :compileJava (Thread[#1052,Execution worker,5,main]) started.
:compileJava (Thread[#1052,Execution worker,5,main]) started.

> Task :compileJava UP-TO-DATE
Custom actions are attached to task ':compileJava'.
Caching disabled for task ':compileJava' because:
  Build cache is disabled
Skipping task ':compileJava' as it is up-to-date.
Resolve mutations for :processResources (Thread[#1052,Execution worker,5,main]) started.
:processResources (Thread[#1052,Execution worker,5,main]) started.

> Task :processResources UP-TO-DATE
Caching disabled for task ':processResources' because:
  Build cache is disabled
  Not worth caching
Skipping task ':processResources' as it is up-to-date.
Resolve mutations for :classes (Thread[#1052,Execution worker,5,main]) started.
:classes (Thread[#1057,Execution worker Thread 6,5,main]) started.

> Task :classes UP-TO-DATE
Skipping task ':classes' as it has no actions.
Resolve mutations for :compileTestJava (Thread[#1057,Execution worker Thread 6,5,main]) started.
:compileTestJava (Thread[#1057,Execution worker Thread 6,5,main]) started.

> Task :compileTestJava FAILED
Custom actions are attached to task ':compileTestJava'.
Caching disabled for task ':compileTestJava' because:
  Build cache is disabled
Task ':compileTestJava' is not up-to-date because:
  Task has failed previously.
The input changes require a full rebuild for incremental task ':compileTestJava'.
Compilation mode: in-process compilation
Full recompilation is required because no incremental change information is available. This is usually caused by clean builds or changing compiler arguments.
Compiling with toolchain '/Users/alexandru-neacsa/Library/Java/JavaVirtualMachines/openjdk-25.0.1/Contents/Home'.
Compiling with JDK Java compiler API.
/Users/alexandru-neacsa/Downloads/demo/src/test/java/com/weather/demo/WeatherControllerTest.java:8: error: package org.springframework.boot.test.autoconfigure.web.servlet does not exist
import org.springframework.boot.test.autoconfigure.web.servlet.WebMvcTest;
                                                              ^
/Users/alexandru-neacsa/Downloads/demo/src/test/java/com/weather/demo/WeatherControllerTest.java:9: error: package org.springframework.boot.test.mock.mockito does not exist
import org.springframework.boot.test.mock.mockito.MockBean;
                                                 ^
/Users/alexandru-neacsa/Downloads/demo/src/test/java/com/weather/demo/WeatherControllerTest.java:21: error: cannot find symbol
@WebMvcTest
 ^
  symbol: class WebMvcTest
/Users/alexandru-neacsa/Downloads/demo/src/test/java/com/weather/demo/WeatherRepositoryIT.java:7: error: package org.springframework.boot.test.autoconfigure.orm.jpa does not exist
import org.springframework.boot.test.autoconfigure.orm.jpa.DataJpaTest;
                                                          ^
/Users/alexandru-neacsa/Downloads/demo/src/test/java/com/weather/demo/WeatherRepositoryIT.java:16: error: cannot find symbol
@DataJpaTest
 ^
  symbol: class DataJpaTest
/Users/alexandru-neacsa/Downloads/demo/src/test/java/com/weather/demo/integration/WeatherApiRouteTest.java:10: error: package org.springframework.boot.test.mock.mockito does not exist
import org.springframework.boot.test.mock.mockito.MockBean;
                                                 ^
/Users/alexandru-neacsa/Downloads/demo/src/test/java/com/weather/demo/WeatherControllerTest.java:27: error: cannot find symbol
    @MockBean
     ^
  symbol:   class MockBean
  location: class WeatherControllerTest
/Users/alexandru-neacsa/Downloads/demo/src/test/java/com/weather/demo/integration/WeatherApiRouteTest.java:28: error: cannot find symbol
    @MockBean
     ^
  symbol:   class MockBean
  location: class WeatherApiRouteTest
8 errors

[Incubating] Problems report is available at: file:///Users/alexandru-neacsa/Downloads/demo/build/reports/problems/problems-report.html

FAILURE: Build failed with an exception.

* What went wrong:
Execution failed for task ':compileTestJava'.
> Compilation failed; see the compiler output below.
  /Users/alexandru-neacsa/Downloads/demo/src/test/java/com/weather/demo/WeatherControllerTest.java:27: error: cannot find symbol
      @MockBean
       ^
    symbol:   class MockBean
    location: class WeatherControllerTest
  /Users/alexandru-neacsa/Downloads/demo/src/test/java/com/weather/demo/integration/WeatherApiRouteTest.java:28: error: cannot find symbol
      @MockBean
       ^
    symbol:   class MockBean
    location: class WeatherApiRouteTest
  /Users/alexandru-neacsa/Downloads/demo/src/test/java/com/weather/demo/WeatherControllerTest.java:21: error: cannot find symbol
  @WebMvcTest
   ^
    symbol: class WebMvcTest
  /Users/alexandru-neacsa/Downloads/demo/src/test/java/com/weather/demo/WeatherRepositoryIT.java:16: error: cannot find symbol
  @DataJpaTest
   ^
    symbol: class DataJpaTest
  /Users/alexandru-neacsa/Downloads/demo/src/test/java/com/weather/demo/WeatherControllerTest.java:8: error: package org.springframework.boot.test.autoconfigure.web.servlet does not exist
  import org.springframework.boot.test.autoconfigure.web.servlet.WebMvcTest;
                                                                ^
  /Users/alexandru-neacsa/Downloads/demo/src/test/java/com/weather/demo/WeatherControllerTest.java:9: error: package org.springframework.boot.test.mock.mockito does not exist
  import org.springframework.boot.test.mock.mockito.MockBean;
                                                   ^
  /Users/alexandru-neacsa/Downloads/demo/src/test/java/com/weather/demo/WeatherRepositoryIT.java:7: error: package org.springframework.boot.test.autoconfigure.orm.jpa does not exist
  import org.springframework.boot.test.autoconfigure.orm.jpa.DataJpaTest;
                                                            ^
  /Users/alexandru-neacsa/Downloads/demo/src/test/java/com/weather/demo/integration/WeatherApiRouteTest.java:10: error: package org.springframework.boot.test.mock.mockito does not exist
  import org.springframework.boot.test.mock.mockito.MockBean;
                                                   ^
  8 errors

* Try:
> Check your code and dependencies to fix the compilation error(s)
> Run with --scan to get full insights from a Build Scan (powered by Develocity).

BUILD FAILED in 1s
3 actionable tasks: 1 executed, 2 up-to-date
Watched directory hierarchies: [/Users/alexandru-neacsa/Downloads/demo]
